<?xml version="1.0" encoding="UTF-8"?>
<!-- Generated by org.testng.reporters.JUnitReportReporter -->
<testsuite hostname="DESKTOP-TJM97EU" failures="0" tests="1" name="bellatrix.SearchComponentTests" time="21.343" errors="0" timestamp="2023-11-21T14:56:45 IST" skipped="0">
  <testcase classname="bellatrix.SearchComponentTests" name="verifySearchResultWithInvalidInput" time="21.343"/>
  <system-out/>
</testsuite> <!-- bellatrix.SearchComponentTests -->
