<?xml version="1.0" encoding="UTF-8"?>
<!-- Generated by org.testng.reporters.JUnitReportReporter -->
<testsuite hostname="DESKTOP-TJM97EU" failures="0" tests="1" name="bellatrix.MyAccountTests" time="38.363" errors="0" timestamp="2023-11-22T12:35:40 IST" skipped="0">
  <testcase classname="bellatrix.MyAccountTests" name="verifyLogin" time="38.363"/>
  <system-out/>
</testsuite> <!-- bellatrix.MyAccountTests -->
