<?xml version="1.0" encoding="UTF-8"?>
<!-- Generated by org.testng.reporters.JUnitReportReporter -->
<testsuite hostname="DESKTOP-TJM97EU" failures="0" tests="1" name="bellatrix.CartPageTests" time="34.930" errors="0" timestamp="2023-11-23T14:01:28 IST" skipped="0">
  <testcase classname="bellatrix.CartPageTests" name="testScenario1" time="34.930"/>
  <system-out/>
</testsuite> <!-- bellatrix.CartPageTests -->
