<?xml version="1.0" encoding="UTF-8"?>
<!-- Generated by org.testng.reporters.JUnitReportReporter -->
<testsuite hostname="DESKTOP-TJM97EU" failures="0" tests="1" name="bellatrix.BellatrixTest" time="23.969" errors="0" timestamp="2023-11-22T14:06:32 IST" skipped="0">
  <testcase classname="bellatrix.BellatrixTest" name="testScenario1" time="23.969"/>
  <system-out/>
</testsuite> <!-- bellatrix.BellatrixTest -->
