<?xml version="1.0" encoding="UTF-8"?>
<!-- Generated by org.testng.reporters.JUnitReportReporter -->
<testsuite hostname="DESKTOP-TJM97EU" failures="0" tests="1" name="bellatrix.HomePageTests" time="19.390" errors="0" timestamp="2023-11-22T11:10:19 IST" skipped="0">
  <testcase classname="bellatrix.HomePageTests" name="verifySortByPriceLowToHigh" time="19.390"/>
  <system-out/>
</testsuite> <!-- bellatrix.HomePageTests -->
